<?xml version="1.0" encoding="UTF-8"?>
<!-- Generated by org.testng.reporters.JUnitReportReporter -->
<testsuite hostname="LTIN228261" failures="0" tests="3" name="selenium.testNG.Grouping" time="0.026" errors="0" timestamp="2024-01-18T09:48:36 IST" skipped="0">
  <testcase classname="selenium.testNG.Grouping" name="LoginByFacebook" time="0.015"/>
  <testcase classname="selenium.testNG.Grouping" name="LoginByTwitter" time="0.002"/>
  <testcase classname="selenium.testNG.Grouping" name="PaymentinRupees" time="0.009"/>
</testsuite> <!-- selenium.testNG.Grouping -->
