<?xml version="1.0" encoding="UTF-8"?>
<!-- Generated by org.testng.reporters.JUnitReportReporter -->
<testsuite hostname="LTIN228261" failures="0" tests="2" name="selenium.TestNGListeners.Listener" time="0.009" errors="0" timestamp="2024-01-23T15:26:29 IST" skipped="0">
  <testcase classname="selenium.TestNGListeners.Listener" name="test11" time="0.008"/>
  <testcase classname="selenium.TestNGListeners.Listener" name="test2" time="0.001"/>
</testsuite> <!-- selenium.TestNGListeners.Listener -->
