<?xml version="1.0" encoding="UTF-8"?>
<!-- Generated by org.testng.reporters.JUnitReportReporter -->
<testsuite hostname="LTIN228261" failures="0" tests="3" name="selenium.testNG.NewTest1" time="0.014" errors="0" timestamp="2024-01-17T10:41:33 IST" skipped="0">
  <testcase classname="selenium.testNG.NewTest1" name="test1" time="0.011"/>
  <testcase classname="selenium.testNG.NewTest1" name="test2" time="0.002"/>
  <testcase classname="selenium.testNG.NewTest1" name="test" time="0.001"/>
</testsuite> <!-- selenium.testNG.NewTest1 -->
