<?xml version="1.0" encoding="UTF-8"?>
<!-- Generated by org.testng.reporters.JUnitReportReporter -->
<testsuite hostname="LTIN228261" failures="0" tests="1" name="selenium.testNG.NewTest2" time="0.006" errors="0" timestamp="2024-01-17T10:11:32 IST" skipped="0">
  <testcase classname="selenium.testNG.NewTest2" name="test2" time="0.006"/>
</testsuite> <!-- selenium.testNG.NewTest2 -->
