<?xml version="1.0" encoding="UTF-8"?>
<!-- Generated by org.testng.reporters.JUnitReportReporter -->
<testsuite hostname="LTIN228261" failures="0" tests="2" name="selenium.testNG.DependsonExample" time="0.005" errors="0" timestamp="2024-01-18T14:50:32 IST" skipped="0">
  <testcase classname="selenium.testNG.DependsonExample" name="test11" time="0.004"/>
  <testcase classname="selenium.testNG.DependsonExample" name="test2" time="0.001"/>
</testsuite> <!-- selenium.testNG.DependsonExample -->
