<?xml version="1.0" encoding="UTF-8"?>
<!-- Generated by org.testng.reporters.JUnitReportReporter -->
<testsuite hostname="LTIN228261" failures="0" tests="4" name="selenium.parallel_Testing.Parallel_Testing" time="2.245" errors="0" timestamp="2024-01-23T14:20:32 IST" skipped="0">
  <testcase classname="selenium.parallel_Testing.Parallel_Testing" name="testlogo" time="1.106"/>
  <testcase classname="selenium.parallel_Testing.Parallel_Testing" name="testlogo" time="1.073"/>
  <testcase classname="selenium.parallel_Testing.Parallel_Testing" name="testHomePageTitle" time="0.010"/>
  <testcase classname="selenium.parallel_Testing.Parallel_Testing" name="testHomePageTitle" time="0.056"/>
</testsuite> <!-- selenium.parallel_Testing.Parallel_Testing -->
